23:55:02 **** Build of configuration Debug for project CONTROL_ECU ****
make all 
Building file: ../CONTROL_ECU.c
Invoking: AVR Compiler
avr-gcc -Wall -g2 -gstabs -O0 -fpack-struct -fshort-enums -ffunction-sections -fdata-sections -std=gnu99 -funsigned-char -funsigned-bitfields -mmcu=atmega16 -DF_CPU=8000000UL -MMD -MP -MF"CONTROL_ECU.d" -MT"CONTROL_ECU.o" -c -o "CONTROL_ECU.o" "../CONTROL_ECU.c"
In file included from ../micro_config.h:22:0,
                 from ../uart.h:11,
                 from ../CONTROL_ECU.h:10,
                 from ../CONTROL_ECU.c:8:
/usr/lib/avr/include/util/delay.h:112:3: warning: #warning "Compiler optimizations disabled; functions from <util/delay.h> won't work as designed" [-Wcpp]
 # warning "Compiler optimizations disabled; functions from <util/delay.h> won't work as designed"
   ^
../CONTROL_ECU.c: In function ‘main’:
../CONTROL_ECU.c:44:30: warning: pointer targets in passing argument 1 of ‘UART_receiveString’ differ in signedness [-Wpointer-sign]
           UART_receiveString(enter_password_stored);
                              ^
In file included from ../CONTROL_ECU.h:10:0,
                 from ../CONTROL_ECU.c:8:
../uart.h:26:6: note: expected ‘uint8 * {aka unsigned char *}’ but argument is of type ‘char *’
 void UART_receiveString(uint8 *str);
      ^
../CONTROL_ECU.c:46:33: warning: pointer targets in passing argument 2 of ‘EEPROM_readString’ differ in signedness [-Wpointer-sign]
       EEPROM_readString(0x0512, check_password_stored);
                                 ^
In file included from ../CONTROL_ECU.h:11:0,
                 from ../CONTROL_ECU.c:8:
../external_eeprom.h:32:7: note: expected ‘uint8 * {aka unsigned char *}’ but argument is of type ‘char *’
 uint8 EEPROM_readString(uint16 u16addr, uint8 *str);
       ^
../CONTROL_ECU.c:19:8: warning: unused variable ‘data’ [-Wunused-variable]
  uint8 data;
        ^
../CONTROL_ECU.c:18:8: warning: unused variable ‘str’ [-Wunused-variable]
  uint8 str[20];
        ^
Finished building: ../CONTROL_ECU.c
 
Building file: ../external_eeprom.c
Invoking: AVR Compiler
avr-gcc -Wall -g2 -gstabs -O0 -fpack-struct -fshort-enums -ffunction-sections -fdata-sections -std=gnu99 -funsigned-char -funsigned-bitfields -mmcu=atmega16 -DF_CPU=8000000UL -MMD -MP -MF"external_eeprom.d" -MT"external_eeprom.o" -c -o "external_eeprom.o" "../external_eeprom.c"
In file included from ../micro_config.h:22:0,
                 from ../i2c.h:11,
                 from ../external_eeprom.c:12:
/usr/lib/avr/include/util/delay.h:112:3: warning: #warning "Compiler optimizations disabled; functions from <util/delay.h> won't work as designed" [-Wcpp]
 # warning "Compiler optimizations disabled; functions from <util/delay.h> won't work as designed"
   ^
../external_eeprom.c: In function ‘EEPROM_writeString’:
../external_eeprom.c:102:1: warning: control reaches end of non-void function [-Wreturn-type]
 }
 ^
../external_eeprom.c: In function ‘EEPROM_readString’:
../external_eeprom.c:115:1: warning: control reaches end of non-void function [-Wreturn-type]
 }
 ^
Finished building: ../external_eeprom.c
 
Building file: ../i2c.c
Invoking: AVR Compiler
avr-gcc -Wall -g2 -gstabs -O0 -fpack-struct -fshort-enums -ffunction-sections -fdata-sections -std=gnu99 -funsigned-char -funsigned-bitfields -mmcu=atmega16 -DF_CPU=8000000UL -MMD -MP -MF"i2c.d" -MT"i2c.o" -c -o "i2c.o" "../i2c.c"
In file included from ../micro_config.h:22:0,
                 from ../i2c.h:11,
                 from ../i2c.c:7:
/usr/lib/avr/include/util/delay.h:112:3: warning: #warning "Compiler optimizations disabled; functions from <util/delay.h> won't work as designed" [-Wcpp]
 # warning "Compiler optimizations disabled; functions from <util/delay.h> won't work as designed"
   ^
Finished building: ../i2c.c
 
Building file: ../timer.c
Invoking: AVR Compiler
avr-gcc -Wall -g2 -gstabs -O0 -fpack-struct -fshort-enums -ffunction-sections -fdata-sections -std=gnu99 -funsigned-char -funsigned-bitfields -mmcu=atmega16 -DF_CPU=8000000UL -MMD -MP -MF"timer.d" -MT"timer.o" -c -o "timer.o" "../timer.c"
In file included from ../micro_config.h:22:0,
                 from ../timer.h:11,
                 from ../timer.c:8:
/usr/lib/avr/include/util/delay.h:112:3: warning: #warning "Compiler optimizations disabled; functions from <util/delay.h> won't work as designed" [-Wcpp]
 # warning "Compiler optimizations disabled; functions from <util/delay.h> won't work as designed"
   ^
../timer.c: In function ‘__vector_19’:
../timer.c:14:3: warning: function with qualified void return type called
   g_callBackPtr();
   ^
../timer.c: In function ‘__vector_9’:
../timer.c:20:3: warning: function with qualified void return type called
   g_callBackPtr();
   ^
../timer.c: In function ‘__vector_6’:
../timer.c:26:4: warning: function with qualified void return type called
    g_callBackPtr();
    ^
../timer.c: In function ‘TIMER_setCallBackPtr’:
../timer.c:226:1: warning: function return types not compatible due to ‘volatile’
 g_callBackPtr=a_ptr;
 ^
Finished building: ../timer.c
 
Building file: ../uart.c
Invoking: AVR Compiler
avr-gcc -Wall -g2 -gstabs -O0 -fpack-struct -fshort-enums -ffunction-sections -fdata-sections -std=gnu99 -funsigned-char -funsigned-bitfields -mmcu=atmega16 -DF_CPU=8000000UL -MMD -MP -MF"uart.d" -MT"uart.o" -c -o "uart.o" "../uart.c"
In file included from ../micro_config.h:22:0,
                 from ../uart.h:11,
                 from ../uart.c:7:
/usr/lib/avr/include/util/delay.h:112:3: warning: #warning "Compiler optimizations disabled; functions from <util/delay.h> won't work as designed" [-Wcpp]
 # warning "Compiler optimizations disabled; functions from <util/delay.h> won't work as designed"
   ^
../uart.c: In function ‘UART_init’:
../uart.c:14:6: warning: implicit declaration of function ‘strcmp’ [-Wimplicit-function-declaration]
  if(!strcmp(config->mode,"normal"))
      ^
Finished building: ../uart.c
 
Building target: CONTROL_ECU.elf
Invoking: AVR C Linker
avr-gcc -Wl,-Map,CONTROL_ECU.map -mmcu=atmega16 -o "CONTROL_ECU.elf"  ./CONTROL_ECU.o ./external_eeprom.o ./i2c.o ./timer.o ./uart.o   
Finished building target: CONTROL_ECU.elf
 
Invoking: AVR Create Extended Listing
avr-objdump -h -S CONTROL_ECU.elf  >"CONTROL_ECU.lss"
Finished building: CONTROL_ECU.lss
 
Invoking: Print Size
avr-size --format=avr --mcu=atmega16 CONTROL_ECU.elf
AVR Memory Usage
----------------
Device: atmega16

Program:    8760 bytes (53.5% Full)
(.text + .data + .bootloader)

Data:        167 bytes (16.3% Full)
(.data + .bss + .noinit)


Finished building: sizedummy
 

23:55:02 Build Finished. 0 errors, 16 warnings. (took 267ms)

