23:57:47 **** Incremental Build of configuration Debug for project CONTROL_ECU ****
make all 
Building file: ../external_eeprom.c
Invoking: AVR Compiler
avr-gcc -Wall -g2 -gstabs -O0 -fpack-struct -fshort-enums -ffunction-sections -fdata-sections -std=gnu99 -funsigned-char -funsigned-bitfields -mmcu=atmega16 -DF_CPU=8000000UL -MMD -MP -MF"external_eeprom.d" -MT"external_eeprom.o" -c -o "external_eeprom.o" "../external_eeprom.c"
In file included from ../micro_config.h:22:0,
                 from ../i2c.h:14,
                 from ../external_eeprom.c:12:
/usr/lib/avr/include/util/delay.h:112:3: warning: #warning "Compiler optimizations disabled; functions from <util/delay.h> won't work as designed" [-Wcpp]
 # warning "Compiler optimizations disabled; functions from <util/delay.h> won't work as designed"
   ^
../external_eeprom.c: In function ‘EEPROM_writeString’:
../external_eeprom.c:102:1: warning: control reaches end of non-void function [-Wreturn-type]
 }
 ^
../external_eeprom.c: In function ‘EEPROM_readString’:
../external_eeprom.c:115:1: warning: control reaches end of non-void function [-Wreturn-type]
 }
 ^
Finished building: ../external_eeprom.c
 
Building file: ../i2c.c
Invoking: AVR Compiler
avr-gcc -Wall -g2 -gstabs -O0 -fpack-struct -fshort-enums -ffunction-sections -fdata-sections -std=gnu99 -funsigned-char -funsigned-bitfields -mmcu=atmega16 -DF_CPU=8000000UL -MMD -MP -MF"i2c.d" -MT"i2c.o" -c -o "i2c.o" "../i2c.c"
In file included from ../micro_config.h:22:0,
                 from ../i2c.h:14,
                 from ../i2c.c:10:
/usr/lib/avr/include/util/delay.h:112:3: warning: #warning "Compiler optimizations disabled; functions from <util/delay.h> won't work as designed" [-Wcpp]
 # warning "Compiler optimizations disabled; functions from <util/delay.h> won't work as designed"
   ^
Finished building: ../i2c.c
 
Building file: ../timer.c
Invoking: AVR Compiler
avr-gcc -Wall -g2 -gstabs -O0 -fpack-struct -fshort-enums -ffunction-sections -fdata-sections -std=gnu99 -funsigned-char -funsigned-bitfields -mmcu=atmega16 -DF_CPU=8000000UL -MMD -MP -MF"timer.d" -MT"timer.o" -c -o "timer.o" "../timer.c"
In file included from ../micro_config.h:22:0,
                 from ../timer.h:14,
                 from ../timer.c:11:
/usr/lib/avr/include/util/delay.h:112:3: warning: #warning "Compiler optimizations disabled; functions from <util/delay.h> won't work as designed" [-Wcpp]
 # warning "Compiler optimizations disabled; functions from <util/delay.h> won't work as designed"
   ^
../timer.c: In function ‘__vector_19’:
../timer.c:25:3: warning: function with qualified void return type called
   g_callBackPtr();/* point to callBack function */
   ^
../timer.c: In function ‘__vector_9’:
../timer.c:31:3: warning: function with qualified void return type called
   g_callBackPtr();
   ^
../timer.c: In function ‘__vector_8’:
../timer.c:37:3: warning: function with qualified void return type called
   g_callBackPtr();
   ^
../timer.c: In function ‘__vector_6’:
../timer.c:43:3: warning: function with qualified void return type called
   g_callBackPtr();
   ^
../timer.c: In function ‘__vector_3’:
../timer.c:48:3: warning: function with qualified void return type called
   g_callBackPtr();
   ^
../timer.c: In function ‘__vector_4’:
../timer.c:54:3: warning: function with qualified void return type called
   g_callBackPtr();
   ^
../timer.c: In function ‘TIMER_init’:
../timer.c:216:33: warning: "/*" within comment [-Wcomment]
     * select compare mode --->> /* WGM10=0 ,  WGM11=0 , WGM12=1 and WGM13=0 */
                                 ^
../timer.c: In function ‘TIMER_setCallBackPtr’:
../timer.c:431:2: warning: function return types not compatible due to ‘volatile’
  g_callBackPtr = a_ptr; /*g_callBackPtr is shared global variable */
  ^
Finished building: ../timer.c
 
Building file: ../uart.c
Invoking: AVR Compiler
avr-gcc -Wall -g2 -gstabs -O0 -fpack-struct -fshort-enums -ffunction-sections -fdata-sections -std=gnu99 -funsigned-char -funsigned-bitfields -mmcu=atmega16 -DF_CPU=8000000UL -MMD -MP -MF"uart.d" -MT"uart.o" -c -o "uart.o" "../uart.c"
In file included from ../micro_config.h:22:0,
                 from ../uart.h:11,
                 from ../uart.c:7:
/usr/lib/avr/include/util/delay.h:112:3: warning: #warning "Compiler optimizations disabled; functions from <util/delay.h> won't work as designed" [-Wcpp]
 # warning "Compiler optimizations disabled; functions from <util/delay.h> won't work as designed"
   ^
../uart.c: In function ‘UART_init’:
../uart.c:14:6: warning: implicit declaration of function ‘strcmp’ [-Wimplicit-function-declaration]
  if(!strcmp(config->mode,"normal"))
      ^
Finished building: ../uart.c
 
Building target: CONTROL_ECU.elf
Invoking: AVR C Linker
avr-gcc -Wl,-Map,CONTROL_ECU.map -mmcu=atmega16 -o "CONTROL_ECU.elf"  ./CONTROL_ECU.o ./external_eeprom.o ./i2c.o ./timer.o ./uart.o   
Finished building target: CONTROL_ECU.elf
 
Invoking: AVR Create Extended Listing
avr-objdump -h -S CONTROL_ECU.elf  >"CONTROL_ECU.lss"
Finished building: CONTROL_ECU.lss
 
Invoking: Print Size
avr-size --format=avr --mcu=atmega16 CONTROL_ECU.elf
AVR Memory Usage
----------------
Device: atmega16

Program:   10400 bytes (63.5% Full)
(.text + .data + .bootloader)

Data:        180 bytes (17.6% Full)
(.data + .bss + .noinit)


Finished building: sizedummy
 
